BEGIN:VCALENDAR
VERSION:2.0
PRODID:-//Google Inc//Google Calendar 70.9054//EN
CALSCALE:GREGORIAN
METHOD:PUBLISH
X-WR-CALDESC:
X-WR-CALNAME:cal5test
X-WR-TIMEZONE:Europe/Zurich
BEGIN:VEVENT
SUMMARY:chose sympa
DTSTART;VALUE=DATE:20161230
DTEND;VALUE=DATE:20161231
UID:6qjt73cqb0v9dva6u69c8j8cpk@google.com.wesh
LAST-MODIFIED;VALUE=DATE-TIME:20161222T142142Z
END:VEVENT
BEGIN:VEVENT
SUMMARY:Machin déjà passé
DTSTART;VALUE=DATE-TIME:20161127T100000
DTEND;VALUE=DATE-TIME:20161127T110000
UID:hfldtaursbbm5ec485opp17fio@google.com.wesh
LAST-MODIFIED;VALUE=DATE-TIME:20161222T143108Z
END:VEVENT
END:VCALENDAR
